<?xml version="1.0" encoding="UTF-8"?>
<!-- Generated by org.testng.reporters.JUnitReportReporter -->
<testsuite hostname="uday18mega" failures="0" tests="1" name="pracprogTest.SeWindowMain" time="119.343" errors="0" timestamp="2025-04-02T20:28:58 IST" skipped="0">
  <testcase classname="pracprogTest.SeWindowMain" name="securelinkpop" time="119.343"/>
</testsuite> <!-- pracprogTest.SeWindowMain -->
