<?xml version="1.0" encoding="UTF-8"?>
<!-- Generated by org.testng.reporters.JUnitReportReporter -->
<testsuite hostname="uday18mega" failures="0" tests="1" name="pracprogTest.UrlSearchPrint" time="12.624" errors="0" timestamp="2025-04-09T07:40:15 IST" skipped="0">
  <testcase classname="pracprogTest.UrlSearchPrint" name="SearchUrl" time="12.624"/>
</testsuite> <!-- pracprogTest.UrlSearchPrint -->
