<?xml version="1.0" encoding="UTF-8"?>
<!-- Generated by org.testng.reporters.JUnitReportReporter -->
<testsuite hostname="uday18mega" failures="0" tests="1" name="pracprogTest.HandlingListbox" time="10.523" errors="0" timestamp="2025-04-09T01:47:03 IST" skipped="0">
  <testcase classname="pracprogTest.HandlingListbox" name="ListBox" time="10.523"/>
</testsuite> <!-- pracprogTest.HandlingListbox -->
